{"C:\\Users\\vitto\\Manigoldoo\\hypergraphs-plot\\src\\classes\\Hypergraph.js": {"path":"C:\\Users\\vitto\\Manigoldoo\\hypergraphs-plot\\src\\classes\\Hypergraph.js","statementMap":{"0":{"start":{"line":11,"column":8},"end":{"line":11,"column":25}},"1":{"start":{"line":12,"column":8},"end":{"line":12,"column":25}},"2":{"start":{"line":13,"column":8},"end":{"line":13,"column":31}},"3":{"start":{"line":14,"column":8},"end":{"line":14,"column":23}},"4":{"start":{"line":24,"column":8},"end":{"line":24,"column":31}},"5":{"start":{"line":28,"column":8},"end":{"line":28,"column":23}},"6":{"start":{"line":41,"column":4},"end":{"line":41,"column":22}},"7":{"start":{"line":51,"column":4},"end":{"line":51,"column":22}},"8":{"start":{"line":61,"column":4},"end":{"line":61,"column":25}},"9":{"start":{"line":71,"column":4},"end":{"line":71,"column":29}},"10":{"start":{"line":81,"column":4},"end":{"line":81,"column":29}},"11":{"start":{"line":91,"column":12},"end":{"line":91,"column":16}},"12":{"start":{"line":92,"column":4},"end":{"line":97,"column":7}},"13":{"start":{"line":93,"column":8},"end":{"line":95,"column":9}},"14":{"start":{"line":94,"column":12},"end":{"line":94,"column":21}},"15":{"start":{"line":98,"column":4},"end":{"line":98,"column":15}},"16":{"start":{"line":108,"column":16},"end":{"line":108,"column":20}},"17":{"start":{"line":109,"column":8},"end":{"line":113,"column":7}},"18":{"start":{"line":110,"column":12},"end":{"line":112,"column":9}},"19":{"start":{"line":111,"column":16},"end":{"line":111,"column":25}},"20":{"start":{"line":114,"column":4},"end":{"line":114,"column":15}},"21":{"start":{"line":118,"column":18},"end":{"line":118,"column":22}},"22":{"start":{"line":119,"column":8},"end":{"line":122,"column":11}},"23":{"start":{"line":120,"column":12},"end":{"line":121,"column":28}},"24":{"start":{"line":121,"column":16},"end":{"line":121,"column":28}},"25":{"start":{"line":123,"column":8},"end":{"line":123,"column":21}},"26":{"start":{"line":127,"column":18},"end":{"line":127,"column":19}},"27":{"start":{"line":128,"column":8},"end":{"line":138,"column":9}},"28":{"start":{"line":129,"column":29},"end":{"line":129,"column":39}},"29":{"start":{"line":130,"column":12},"end":{"line":134,"column":15}},"30":{"start":{"line":131,"column":16},"end":{"line":133,"column":21}},"31":{"start":{"line":132,"column":20},"end":{"line":132,"column":50}},"32":{"start":{"line":132,"column":36},"end":{"line":132,"column":50}},"33":{"start":{"line":137,"column":12},"end":{"line":137,"column":36}},"34":{"start":{"line":139,"column":8},"end":{"line":154,"column":9}},"35":{"start":{"line":140,"column":12},"end":{"line":144,"column":11}},"36":{"start":{"line":141,"column":16},"end":{"line":143,"column":18}},"37":{"start":{"line":142,"column":20},"end":{"line":142,"column":60}},"38":{"start":{"line":142,"column":36},"end":{"line":142,"column":60}},"39":{"start":{"line":145,"column":23},"end":{"line":145,"column":36}},"40":{"start":{"line":146,"column":8},"end":{"line":148,"column":11}},"41":{"start":{"line":147,"column":12},"end":{"line":147,"column":73}},"42":{"start":{"line":149,"column":8},"end":{"line":149,"column":53}},"43":{"start":{"line":150,"column":12},"end":{"line":150,"column":25}},"44":{"start":{"line":153,"column":12},"end":{"line":153,"column":28}},"45":{"start":{"line":158,"column":20},"end":{"line":158,"column":30}},"46":{"start":{"line":159,"column":22},"end":{"line":159,"column":26}},"47":{"start":{"line":160,"column":8},"end":{"line":164,"column":11}},"48":{"start":{"line":161,"column":12},"end":{"line":163,"column":13}},"49":{"start":{"line":162,"column":16},"end":{"line":162,"column":28}},"50":{"start":{"line":168,"column":20},"end":{"line":168,"column":30}},"51":{"start":{"line":169,"column":8},"end":{"line":174,"column":11}},"52":{"start":{"line":170,"column":20},"end":{"line":172,"column":14}},"53":{"start":{"line":171,"column":16},"end":{"line":171,"column":45}},"54":{"start":{"line":171,"column":34},"end":{"line":171,"column":45}},"55":{"start":{"line":173,"column":12},"end":{"line":173,"column":45}},"56":{"start":{"line":173,"column":22},"end":{"line":173,"column":45}},"57":{"start":{"line":176,"column":23},"end":{"line":176,"column":25}},"58":{"start":{"line":177,"column":8},"end":{"line":181,"column":11}},"59":{"start":{"line":178,"column":12},"end":{"line":180,"column":13}},"60":{"start":{"line":179,"column":16},"end":{"line":179,"column":38}},"61":{"start":{"line":182,"column":8},"end":{"line":191,"column":9}},"62":{"start":{"line":183,"column":12},"end":{"line":183,"column":38}},"63":{"start":{"line":184,"column":12},"end":{"line":184,"column":29}},"64":{"start":{"line":185,"column":12},"end":{"line":185,"column":29}},"65":{"start":{"line":186,"column":12},"end":{"line":186,"column":35}},"66":{"start":{"line":187,"column":12},"end":{"line":187,"column":29}},"67":{"start":{"line":190,"column":12},"end":{"line":190,"column":33}},"68":{"start":{"line":195,"column":8},"end":{"line":196,"column":32}},"69":{"start":{"line":196,"column":8},"end":{"line":196,"column":32}},"70":{"start":{"line":198,"column":14},"end":{"line":198,"column":15}},"71":{"start":{"line":199,"column":18},"end":{"line":199,"column":19}},"72":{"start":{"line":200,"column":8},"end":{"line":205,"column":11}},"73":{"start":{"line":201,"column":12},"end":{"line":204,"column":14}},"74":{"start":{"line":202,"column":16},"end":{"line":203,"column":26}},"75":{"start":{"line":203,"column":20},"end":{"line":203,"column":26}},"76":{"start":{"line":207,"column":8},"end":{"line":226,"column":9}},"77":{"start":{"line":208,"column":8},"end":{"line":208,"column":53}},"78":{"start":{"line":209,"column":23},"end":{"line":209,"column":33}},"79":{"start":{"line":210,"column":8},"end":{"line":216,"column":14}},"80":{"start":{"line":211,"column":8},"end":{"line":216,"column":11}},"81":{"start":{"line":212,"column":16},"end":{"line":215,"column":17}},"82":{"start":{"line":213,"column":20},"end":{"line":213,"column":43}},"83":{"start":{"line":214,"column":20},"end":{"line":214,"column":34}},"84":{"start":{"line":218,"column":24},"end":{"line":218,"column":37}},"85":{"start":{"line":219,"column":8},"end":{"line":221,"column":11}},"86":{"start":{"line":220,"column":12},"end":{"line":220,"column":74}},"87":{"start":{"line":222,"column":8},"end":{"line":222,"column":21}},"88":{"start":{"line":225,"column":12},"end":{"line":225,"column":28}},"89":{"start":{"line":231,"column":18},"end":{"line":231,"column":19}},"90":{"start":{"line":232,"column":8},"end":{"line":234,"column":11}},"91":{"start":{"line":233,"column":12},"end":{"line":233,"column":40}},"92":{"start":{"line":233,"column":32},"end":{"line":233,"column":40}},"93":{"start":{"line":235,"column":8},"end":{"line":257,"column":9}},"94":{"start":{"line":235,"column":21},"end":{"line":235,"column":45}},"95":{"start":{"line":237,"column":22},"end":{"line":237,"column":24}},"96":{"start":{"line":238,"column":12},"end":{"line":240,"column":15}},"97":{"start":{"line":239,"column":16},"end":{"line":239,"column":53}},"98":{"start":{"line":239,"column":36},"end":{"line":239,"column":53}},"99":{"start":{"line":241,"column":12},"end":{"line":241,"column":29}},"100":{"start":{"line":243,"column":12},"end":{"line":248,"column":15}},"101":{"start":{"line":244,"column":24},"end":{"line":246,"column":18}},"102":{"start":{"line":245,"column":20},"end":{"line":245,"column":49}},"103":{"start":{"line":245,"column":38},"end":{"line":245,"column":49}},"104":{"start":{"line":247,"column":16},"end":{"line":247,"column":49}},"105":{"start":{"line":247,"column":26},"end":{"line":247,"column":49}},"106":{"start":{"line":249,"column":27},"end":{"line":249,"column":29}},"107":{"start":{"line":250,"column":12},"end":{"line":254,"column":15}},"108":{"start":{"line":251,"column":16},"end":{"line":253,"column":17}},"109":{"start":{"line":252,"column":20},"end":{"line":252,"column":42}},"110":{"start":{"line":255,"column":12},"end":{"line":255,"column":35}},"111":{"start":{"line":256,"column":12},"end":{"line":256,"column":28}},"112":{"start":{"line":261,"column":18},"end":{"line":261,"column":19}},"113":{"start":{"line":262,"column":8},"end":{"line":264,"column":11}},"114":{"start":{"line":263,"column":12},"end":{"line":263,"column":50}},"115":{"start":{"line":263,"column":36},"end":{"line":263,"column":50}},"116":{"start":{"line":265,"column":8},"end":{"line":265,"column":21}}},"fnMap":{"0":{"name":"(anonymous_0)","decl":{"start":{"line":10,"column":4},"end":{"line":10,"column":5}},"loc":{"start":{"line":10,"column":46},"end":{"line":15,"column":5}},"line":10},"1":{"name":"(anonymous_1)","decl":{"start":{"line":23,"column":4},"end":{"line":23,"column":5}},"loc":{"start":{"line":23,"column":13},"end":{"line":25,"column":5}},"line":23},"2":{"name":"(anonymous_2)","decl":{"start":{"line":27,"column":4},"end":{"line":27,"column":5}},"loc":{"start":{"line":27,"column":17},"end":{"line":29,"column":5}},"line":27},"3":{"name":"(anonymous_3)","decl":{"start":{"line":40,"column":4},"end":{"line":40,"column":5}},"loc":{"start":{"line":40,"column":14},"end":{"line":42,"column":5}},"line":40},"4":{"name":"(anonymous_4)","decl":{"start":{"line":50,"column":4},"end":{"line":50,"column":5}},"loc":{"start":{"line":50,"column":14},"end":{"line":52,"column":5}},"line":50},"5":{"name":"(anonymous_5)","decl":{"start":{"line":60,"column":4},"end":{"line":60,"column":5}},"loc":{"start":{"line":60,"column":19},"end":{"line":62,"column":5}},"line":60},"6":{"name":"(anonymous_6)","decl":{"start":{"line":70,"column":4},"end":{"line":70,"column":5}},"loc":{"start":{"line":70,"column":17},"end":{"line":72,"column":5}},"line":70},"7":{"name":"(anonymous_7)","decl":{"start":{"line":80,"column":4},"end":{"line":80,"column":5}},"loc":{"start":{"line":80,"column":17},"end":{"line":82,"column":5}},"line":80},"8":{"name":"(anonymous_8)","decl":{"start":{"line":90,"column":4},"end":{"line":90,"column":5}},"loc":{"start":{"line":90,"column":29},"end":{"line":99,"column":5}},"line":90},"9":{"name":"(anonymous_9)","decl":{"start":{"line":92,"column":23},"end":{"line":92,"column":24}},"loc":{"start":{"line":92,"column":38},"end":{"line":97,"column":5}},"line":92},"10":{"name":"(anonymous_10)","decl":{"start":{"line":107,"column":4},"end":{"line":107,"column":5}},"loc":{"start":{"line":107,"column":29},"end":{"line":115,"column":5}},"line":107},"11":{"name":"(anonymous_11)","decl":{"start":{"line":109,"column":27},"end":{"line":109,"column":28}},"loc":{"start":{"line":109,"column":42},"end":{"line":113,"column":5}},"line":109},"12":{"name":"(anonymous_12)","decl":{"start":{"line":117,"column":4},"end":{"line":117,"column":5}},"loc":{"start":{"line":117,"column":17},"end":{"line":124,"column":5}},"line":117},"13":{"name":"(anonymous_13)","decl":{"start":{"line":119,"column":27},"end":{"line":119,"column":28}},"loc":{"start":{"line":119,"column":38},"end":{"line":122,"column":9}},"line":119},"14":{"name":"(anonymous_14)","decl":{"start":{"line":126,"column":4},"end":{"line":126,"column":5}},"loc":{"start":{"line":126,"column":32},"end":{"line":155,"column":5}},"line":126},"15":{"name":"(anonymous_15)","decl":{"start":{"line":130,"column":26},"end":{"line":130,"column":27}},"loc":{"start":{"line":130,"column":39},"end":{"line":134,"column":13}},"line":130},"16":{"name":"(anonymous_16)","decl":{"start":{"line":131,"column":32},"end":{"line":131,"column":33}},"loc":{"start":{"line":131,"column":39},"end":{"line":133,"column":19}},"line":131},"17":{"name":"(anonymous_17)","decl":{"start":{"line":140,"column":31},"end":{"line":140,"column":32}},"loc":{"start":{"line":140,"column":45},"end":{"line":144,"column":9}},"line":140},"18":{"name":"(anonymous_18)","decl":{"start":{"line":141,"column":30},"end":{"line":141,"column":31}},"loc":{"start":{"line":141,"column":42},"end":{"line":143,"column":17}},"line":141},"19":{"name":"(anonymous_19)","decl":{"start":{"line":146,"column":22},"end":{"line":146,"column":23}},"loc":{"start":{"line":146,"column":38},"end":{"line":148,"column":9}},"line":146},"20":{"name":"(anonymous_20)","decl":{"start":{"line":157,"column":4},"end":{"line":157,"column":5}},"loc":{"start":{"line":157,"column":22},"end":{"line":192,"column":5}},"line":157},"21":{"name":"(anonymous_21)","decl":{"start":{"line":160,"column":22},"end":{"line":160,"column":23}},"loc":{"start":{"line":160,"column":38},"end":{"line":164,"column":9}},"line":160},"22":{"name":"(anonymous_22)","decl":{"start":{"line":169,"column":22},"end":{"line":169,"column":23}},"loc":{"start":{"line":169,"column":36},"end":{"line":174,"column":9}},"line":169},"23":{"name":"(anonymous_23)","decl":{"start":{"line":170,"column":41},"end":{"line":170,"column":42}},"loc":{"start":{"line":170,"column":46},"end":{"line":172,"column":13}},"line":170},"24":{"name":"(anonymous_24)","decl":{"start":{"line":177,"column":30},"end":{"line":177,"column":31}},"loc":{"start":{"line":177,"column":46},"end":{"line":181,"column":9}},"line":177},"25":{"name":"(anonymous_25)","decl":{"start":{"line":194,"column":4},"end":{"line":194,"column":5}},"loc":{"start":{"line":194,"column":32},"end":{"line":227,"column":5}},"line":194},"26":{"name":"(anonymous_26)","decl":{"start":{"line":200,"column":27},"end":{"line":200,"column":28}},"loc":{"start":{"line":200,"column":41},"end":{"line":205,"column":9}},"line":200},"27":{"name":"(anonymous_27)","decl":{"start":{"line":201,"column":23},"end":{"line":201,"column":24}},"loc":{"start":{"line":201,"column":30},"end":{"line":204,"column":13}},"line":201},"28":{"name":"(anonymous_28)","decl":{"start":{"line":210,"column":22},"end":{"line":210,"column":23}},"loc":{"start":{"line":210,"column":36},"end":{"line":216,"column":12}},"line":210},"29":{"name":"(anonymous_29)","decl":{"start":{"line":211,"column":22},"end":{"line":211,"column":23}},"loc":{"start":{"line":211,"column":29},"end":{"line":216,"column":9}},"line":211},"30":{"name":"(anonymous_30)","decl":{"start":{"line":219,"column":23},"end":{"line":219,"column":24}},"loc":{"start":{"line":219,"column":38},"end":{"line":221,"column":9}},"line":219},"31":{"name":"(anonymous_31)","decl":{"start":{"line":230,"column":4},"end":{"line":230,"column":5}},"loc":{"start":{"line":230,"column":22},"end":{"line":258,"column":5}},"line":230},"32":{"name":"(anonymous_32)","decl":{"start":{"line":232,"column":27},"end":{"line":232,"column":28}},"loc":{"start":{"line":232,"column":41},"end":{"line":234,"column":9}},"line":232},"33":{"name":"(anonymous_33)","decl":{"start":{"line":238,"column":31},"end":{"line":238,"column":32}},"loc":{"start":{"line":238,"column":45},"end":{"line":240,"column":13}},"line":238},"34":{"name":"(anonymous_34)","decl":{"start":{"line":243,"column":31},"end":{"line":243,"column":32}},"loc":{"start":{"line":243,"column":45},"end":{"line":248,"column":13}},"line":243},"35":{"name":"(anonymous_35)","decl":{"start":{"line":244,"column":45},"end":{"line":244,"column":46}},"loc":{"start":{"line":244,"column":50},"end":{"line":246,"column":17}},"line":244},"36":{"name":"(anonymous_36)","decl":{"start":{"line":250,"column":34},"end":{"line":250,"column":35}},"loc":{"start":{"line":250,"column":50},"end":{"line":254,"column":13}},"line":250},"37":{"name":"(anonymous_37)","decl":{"start":{"line":260,"column":4},"end":{"line":260,"column":5}},"loc":{"start":{"line":260,"column":20},"end":{"line":266,"column":5}},"line":260},"38":{"name":"(anonymous_38)","decl":{"start":{"line":262,"column":27},"end":{"line":262,"column":28}},"loc":{"start":{"line":262,"column":41},"end":{"line":264,"column":9}},"line":262}},"branchMap":{"0":{"loc":{"start":{"line":10,"column":38},"end":{"line":10,"column":45}},"type":"default-arg","locations":[{"start":{"line":10,"column":43},"end":{"line":10,"column":45}}],"line":10},"1":{"loc":{"start":{"line":24,"column":15},"end":{"line":24,"column":30}},"type":"binary-expr","locations":[{"start":{"line":24,"column":15},"end":{"line":24,"column":24}},{"start":{"line":24,"column":28},"end":{"line":24,"column":30}}],"line":24},"2":{"loc":{"start":{"line":93,"column":8},"end":{"line":95,"column":9}},"type":"if","locations":[{"start":{"line":93,"column":8},"end":{"line":95,"column":9}},{"start":{"line":93,"column":8},"end":{"line":95,"column":9}}],"line":93},"3":{"loc":{"start":{"line":110,"column":12},"end":{"line":112,"column":9}},"type":"if","locations":[{"start":{"line":110,"column":12},"end":{"line":112,"column":9}},{"start":{"line":110,"column":12},"end":{"line":112,"column":9}}],"line":110},"4":{"loc":{"start":{"line":120,"column":12},"end":{"line":121,"column":28}},"type":"if","locations":[{"start":{"line":120,"column":12},"end":{"line":121,"column":28}},{"start":{"line":120,"column":12},"end":{"line":121,"column":28}}],"line":120},"5":{"loc":{"start":{"line":128,"column":8},"end":{"line":138,"column":9}},"type":"if","locations":[{"start":{"line":128,"column":8},"end":{"line":138,"column":9}},{"start":{"line":128,"column":8},"end":{"line":138,"column":9}}],"line":128},"6":{"loc":{"start":{"line":128,"column":11},"end":{"line":128,"column":88}},"type":"binary-expr","locations":[{"start":{"line":128,"column":11},"end":{"line":128,"column":26}},{"start":{"line":128,"column":30},"end":{"line":128,"column":42}},{"start":{"line":128,"column":46},"end":{"line":128,"column":56}},{"start":{"line":128,"column":60},"end":{"line":128,"column":88}}],"line":128},"7":{"loc":{"start":{"line":132,"column":20},"end":{"line":132,"column":50}},"type":"if","locations":[{"start":{"line":132,"column":20},"end":{"line":132,"column":50}},{"start":{"line":132,"column":20},"end":{"line":132,"column":50}}],"line":132},"8":{"loc":{"start":{"line":139,"column":8},"end":{"line":154,"column":9}},"type":"if","locations":[{"start":{"line":139,"column":8},"end":{"line":154,"column":9}},{"start":{"line":139,"column":8},"end":{"line":154,"column":9}}],"line":139},"9":{"loc":{"start":{"line":142,"column":20},"end":{"line":142,"column":60}},"type":"if","locations":[{"start":{"line":142,"column":20},"end":{"line":142,"column":60}},{"start":{"line":142,"column":20},"end":{"line":142,"column":60}}],"line":142},"10":{"loc":{"start":{"line":161,"column":12},"end":{"line":163,"column":13}},"type":"if","locations":[{"start":{"line":161,"column":12},"end":{"line":163,"column":13}},{"start":{"line":161,"column":12},"end":{"line":163,"column":13}}],"line":161},"11":{"loc":{"start":{"line":171,"column":16},"end":{"line":171,"column":45}},"type":"if","locations":[{"start":{"line":171,"column":16},"end":{"line":171,"column":45}},{"start":{"line":171,"column":16},"end":{"line":171,"column":45}}],"line":171},"12":{"loc":{"start":{"line":173,"column":12},"end":{"line":173,"column":45}},"type":"if","locations":[{"start":{"line":173,"column":12},"end":{"line":173,"column":45}},{"start":{"line":173,"column":12},"end":{"line":173,"column":45}}],"line":173},"13":{"loc":{"start":{"line":178,"column":12},"end":{"line":180,"column":13}},"type":"if","locations":[{"start":{"line":178,"column":12},"end":{"line":180,"column":13}},{"start":{"line":178,"column":12},"end":{"line":180,"column":13}}],"line":178},"14":{"loc":{"start":{"line":182,"column":8},"end":{"line":191,"column":9}},"type":"if","locations":[{"start":{"line":182,"column":8},"end":{"line":191,"column":9}},{"start":{"line":182,"column":8},"end":{"line":191,"column":9}}],"line":182},"15":{"loc":{"start":{"line":195,"column":8},"end":{"line":196,"column":32}},"type":"if","locations":[{"start":{"line":195,"column":8},"end":{"line":196,"column":32}},{"start":{"line":195,"column":8},"end":{"line":196,"column":32}}],"line":195},"16":{"loc":{"start":{"line":195,"column":11},"end":{"line":195,"column":68}},"type":"binary-expr","locations":[{"start":{"line":195,"column":11},"end":{"line":195,"column":38}},{"start":{"line":195,"column":42},"end":{"line":195,"column":52}},{"start":{"line":195,"column":56},"end":{"line":195,"column":68}}],"line":195},"17":{"loc":{"start":{"line":202,"column":16},"end":{"line":203,"column":26}},"type":"if","locations":[{"start":{"line":202,"column":16},"end":{"line":203,"column":26}},{"start":{"line":202,"column":16},"end":{"line":203,"column":26}}],"line":202},"18":{"loc":{"start":{"line":207,"column":8},"end":{"line":226,"column":9}},"type":"if","locations":[{"start":{"line":207,"column":8},"end":{"line":226,"column":9}},{"start":{"line":207,"column":8},"end":{"line":226,"column":9}}],"line":207},"19":{"loc":{"start":{"line":212,"column":16},"end":{"line":215,"column":17}},"type":"if","locations":[{"start":{"line":212,"column":16},"end":{"line":215,"column":17}},{"start":{"line":212,"column":16},"end":{"line":215,"column":17}}],"line":212},"20":{"loc":{"start":{"line":233,"column":12},"end":{"line":233,"column":40}},"type":"if","locations":[{"start":{"line":233,"column":12},"end":{"line":233,"column":40}},{"start":{"line":233,"column":12},"end":{"line":233,"column":40}}],"line":233},"21":{"loc":{"start":{"line":235,"column":8},"end":{"line":257,"column":9}},"type":"if","locations":[{"start":{"line":235,"column":8},"end":{"line":257,"column":9}},{"start":{"line":235,"column":8},"end":{"line":257,"column":9}}],"line":235},"22":{"loc":{"start":{"line":239,"column":16},"end":{"line":239,"column":53}},"type":"if","locations":[{"start":{"line":239,"column":16},"end":{"line":239,"column":53}},{"start":{"line":239,"column":16},"end":{"line":239,"column":53}}],"line":239},"23":{"loc":{"start":{"line":245,"column":20},"end":{"line":245,"column":49}},"type":"if","locations":[{"start":{"line":245,"column":20},"end":{"line":245,"column":49}},{"start":{"line":245,"column":20},"end":{"line":245,"column":49}}],"line":245},"24":{"loc":{"start":{"line":247,"column":16},"end":{"line":247,"column":49}},"type":"if","locations":[{"start":{"line":247,"column":16},"end":{"line":247,"column":49}},{"start":{"line":247,"column":16},"end":{"line":247,"column":49}}],"line":247},"25":{"loc":{"start":{"line":251,"column":16},"end":{"line":253,"column":17}},"type":"if","locations":[{"start":{"line":251,"column":16},"end":{"line":253,"column":17}},{"start":{"line":251,"column":16},"end":{"line":253,"column":17}}],"line":251},"26":{"loc":{"start":{"line":263,"column":12},"end":{"line":263,"column":50}},"type":"if","locations":[{"start":{"line":263,"column":12},"end":{"line":263,"column":50}},{"start":{"line":263,"column":12},"end":{"line":263,"column":50}}],"line":263}},"s":{"0":4,"1":4,"2":4,"3":4,"4":2,"5":1,"6":1,"7":1,"8":1,"9":1,"10":1,"11":2,"12":2,"13":20,"14":1,"15":2,"16":2,"17":2,"18":10,"19":1,"20":2,"21":2,"22":2,"23":20,"24":1,"25":2,"26":3,"27":3,"28":2,"29":2,"30":4,"31":20,"32":3,"33":1,"34":2,"35":1,"36":5,"37":10,"38":2,"39":1,"40":1,"41":2,"42":1,"43":1,"44":1,"45":2,"46":2,"47":2,"48":21,"49":1,"50":2,"51":2,"52":10,"53":40,"54":2,"55":10,"56":2,"57":2,"58":2,"59":40,"60":38,"61":2,"62":1,"63":1,"64":1,"65":1,"66":1,"67":1,"68":3,"69":1,"70":2,"71":2,"72":2,"73":20,"74":40,"75":3,"76":2,"77":1,"78":1,"79":1,"80":2,"81":20,"82":2,"83":2,"84":1,"85":1,"86":2,"87":1,"88":1,"89":2,"90":2,"91":11,"92":1,"93":2,"94":1,"95":1,"96":1,"97":6,"98":5,"99":1,"100":1,"101":10,"102":21,"103":2,"104":10,"105":2,"106":1,"107":1,"108":21,"109":19,"110":1,"111":1,"112":1,"113":1,"114":5,"115":1,"116":1},"f":{"0":4,"1":2,"2":1,"3":1,"4":1,"5":1,"6":1,"7":1,"8":2,"9":20,"10":2,"11":10,"12":2,"13":20,"14":3,"15":4,"16":20,"17":5,"18":10,"19":2,"20":2,"21":21,"22":10,"23":40,"24":40,"25":3,"26":20,"27":40,"28":2,"29":20,"30":2,"31":2,"32":11,"33":6,"34":10,"35":21,"36":21,"37":1,"38":5},"b":{"0":[4],"1":[2,1],"2":[1,19],"3":[1,9],"4":[1,19],"5":[2,1],"6":[3,3,3,3],"7":[3,17],"8":[1,1],"9":[2,8],"10":[1,20],"11":[2,38],"12":[2,8],"13":[38,2],"14":[1,1],"15":[1,2],"16":[3,2,2],"17":[3,37],"18":[1,1],"19":[2,18],"20":[1,10],"21":[1,1],"22":[5,1],"23":[2,19],"24":[2,8],"25":[19,2],"26":[1,4]},"_coverageSchema":"43e27e138ebf9cfc5966b082cf9a028302ed4184","hash":"af5695790bd2bff07d0b7ee9073228041cab0196"}
,"C:\\Users\\vitto\\Manigoldoo\\hypergraphs-plot\\src\\classes\\functions.js": {"path":"C:\\Users\\vitto\\Manigoldoo\\hypergraphs-plot\\src\\classes\\functions.js","statementMap":{"0":{"start":{"line":5,"column":4},"end":{"line":5,"column":32}},"1":{"start":{"line":9,"column":4},"end":{"line":9,"column":36}},"2":{"start":{"line":21,"column":4},"end":{"line":21,"column":33}},"3":{"start":{"line":31,"column":4},"end":{"line":31,"column":33}},"4":{"start":{"line":41,"column":4},"end":{"line":41,"column":38}},"5":{"start":{"line":51,"column":4},"end":{"line":51,"column":36}},"6":{"start":{"line":61,"column":4},"end":{"line":61,"column":36}},"7":{"start":{"line":72,"column":4},"end":{"line":72,"column":48}},"8":{"start":{"line":83,"column":4},"end":{"line":83,"column":48}},"9":{"start":{"line":87,"column":4},"end":{"line":87,"column":36}},"10":{"start":{"line":92,"column":4},"end":{"line":92,"column":51}},"11":{"start":{"line":96,"column":4},"end":{"line":96,"column":41}},"12":{"start":{"line":100,"column":4},"end":{"line":100,"column":51}},"13":{"start":{"line":104,"column":4},"end":{"line":104,"column":41}},"14":{"start":{"line":108,"column":4},"end":{"line":108,"column":39}}},"fnMap":{"0":{"name":"getName","decl":{"start":{"line":4,"column":16},"end":{"line":4,"column":23}},"loc":{"start":{"line":4,"column":35},"end":{"line":6,"column":1}},"line":4},"1":{"name":"setName","decl":{"start":{"line":8,"column":16},"end":{"line":8,"column":23}},"loc":{"start":{"line":8,"column":40},"end":{"line":10,"column":1}},"line":8},"2":{"name":"getNodes","decl":{"start":{"line":20,"column":16},"end":{"line":20,"column":24}},"loc":{"start":{"line":20,"column":36},"end":{"line":22,"column":1}},"line":20},"3":{"name":"getLinks","decl":{"start":{"line":30,"column":16},"end":{"line":30,"column":24}},"loc":{"start":{"line":30,"column":36},"end":{"line":32,"column":1}},"line":30},"4":{"name":"getNodesLinks","decl":{"start":{"line":40,"column":16},"end":{"line":40,"column":29}},"loc":{"start":{"line":40,"column":41},"end":{"line":42,"column":1}},"line":40},"5":{"name":"getNumNodes","decl":{"start":{"line":50,"column":16},"end":{"line":50,"column":27}},"loc":{"start":{"line":50,"column":39},"end":{"line":52,"column":1}},"line":50},"6":{"name":"getNumLinks","decl":{"start":{"line":60,"column":16},"end":{"line":60,"column":27}},"loc":{"start":{"line":60,"column":39},"end":{"line":62,"column":1}},"line":60},"7":{"name":"getNodeAttributes","decl":{"start":{"line":71,"column":16},"end":{"line":71,"column":33}},"loc":{"start":{"line":71,"column":52},"end":{"line":73,"column":1}},"line":71},"8":{"name":"getLinkAttributes","decl":{"start":{"line":82,"column":16},"end":{"line":82,"column":33}},"loc":{"start":{"line":82,"column":52},"end":{"line":84,"column":1}},"line":82},"9":{"name":"hasNode","decl":{"start":{"line":86,"column":16},"end":{"line":86,"column":23}},"loc":{"start":{"line":86,"column":40},"end":{"line":88,"column":1}},"line":86},"10":{"name":"addNode","decl":{"start":{"line":91,"column":16},"end":{"line":91,"column":23}},"loc":{"start":{"line":91,"column":55},"end":{"line":93,"column":1}},"line":91},"11":{"name":"removeNode","decl":{"start":{"line":95,"column":16},"end":{"line":95,"column":26}},"loc":{"start":{"line":95,"column":45},"end":{"line":97,"column":1}},"line":95},"12":{"name":"addEdge","decl":{"start":{"line":99,"column":16},"end":{"line":99,"column":23}},"loc":{"start":{"line":99,"column":55},"end":{"line":101,"column":1}},"line":99},"13":{"name":"removeEdge","decl":{"start":{"line":103,"column":16},"end":{"line":103,"column":26}},"loc":{"start":{"line":103,"column":45},"end":{"line":105,"column":1}},"line":103},"14":{"name":"numberSelfLoop","decl":{"start":{"line":107,"column":16},"end":{"line":107,"column":30}},"loc":{"start":{"line":107,"column":42},"end":{"line":109,"column":1}},"line":107}},"branchMap":{},"s":{"0":2,"1":1,"2":1,"3":1,"4":1,"5":1,"6":1,"7":2,"8":2,"9":2,"10":3,"11":2,"12":3,"13":2,"14":1},"f":{"0":2,"1":1,"2":1,"3":1,"4":1,"5":1,"6":1,"7":2,"8":2,"9":2,"10":3,"11":2,"12":3,"13":2,"14":1},"b":{},"_coverageSchema":"43e27e138ebf9cfc5966b082cf9a028302ed4184","hash":"74006400fb1be59e84b458ac1f6083b7b8de21eb"}
,"C:\\Users\\vitto\\Manigoldoo\\hypergraphs-plot\\src\\classes\\hypergraph-ColorEdge.js": {"path":"C:\\Users\\vitto\\Manigoldoo\\hypergraphs-plot\\src\\classes\\hypergraph-ColorEdge.js","statementMap":{},"fnMap":{},"branchMap":{},"s":{},"f":{},"b":{},"_coverageSchema":"43e27e138ebf9cfc5966b082cf9a028302ed4184","hash":"52daf50d38f03c3777d94307d1e56596a6be7560"}
,"C:\\Users\\vitto\\Manigoldoo\\hypergraphs-plot\\src\\classes\\index.js": {"path":"C:\\Users\\vitto\\Manigoldoo\\hypergraphs-plot\\src\\classes\\index.js","statementMap":{},"fnMap":{},"branchMap":{},"s":{},"f":{},"b":{},"_coverageSchema":"43e27e138ebf9cfc5966b082cf9a028302ed4184","hash":"c3a9a5abf826362eac1d5dae8b164b4034eaeb57"}
}
