{"C:\\Users\\Marti\\OneDrive\\Desktop\\hypergraphs-plot\\src\\classes\\Hypergraph.js": {"path":"C:\\Users\\Marti\\OneDrive\\Desktop\\hypergraphs-plot\\src\\classes\\Hypergraph.js","statementMap":{"0":{"start":{"line":9,"column":8},"end":{"line":9,"column":25}},"1":{"start":{"line":10,"column":8},"end":{"line":10,"column":25}},"2":{"start":{"line":11,"column":8},"end":{"line":11,"column":31}},"3":{"start":{"line":21,"column":4},"end":{"line":21,"column":22}},"4":{"start":{"line":31,"column":4},"end":{"line":31,"column":22}},"5":{"start":{"line":41,"column":4},"end":{"line":41,"column":25}},"6":{"start":{"line":51,"column":4},"end":{"line":51,"column":29}},"7":{"start":{"line":61,"column":4},"end":{"line":61,"column":29}},"8":{"start":{"line":65,"column":12},"end":{"line":65,"column":16}},"9":{"start":{"line":66,"column":4},"end":{"line":70,"column":6}},"10":{"start":{"line":67,"column":8},"end":{"line":69,"column":9}},"11":{"start":{"line":68,"column":12},"end":{"line":68,"column":24}},"12":{"start":{"line":71,"column":4},"end":{"line":71,"column":15}},"13":{"start":{"line":78,"column":0},"end":{"line":78,"column":28}}},"fnMap":{"0":{"name":"(anonymous_0)","decl":{"start":{"line":8,"column":4},"end":{"line":8,"column":5}},"loc":{"start":{"line":8,"column":37},"end":{"line":12,"column":5}},"line":8},"1":{"name":"(anonymous_1)","decl":{"start":{"line":20,"column":4},"end":{"line":20,"column":5}},"loc":{"start":{"line":20,"column":14},"end":{"line":22,"column":5}},"line":20},"2":{"name":"(anonymous_2)","decl":{"start":{"line":30,"column":4},"end":{"line":30,"column":5}},"loc":{"start":{"line":30,"column":14},"end":{"line":32,"column":5}},"line":30},"3":{"name":"(anonymous_3)","decl":{"start":{"line":40,"column":4},"end":{"line":40,"column":5}},"loc":{"start":{"line":40,"column":19},"end":{"line":42,"column":5}},"line":40},"4":{"name":"(anonymous_4)","decl":{"start":{"line":50,"column":4},"end":{"line":50,"column":5}},"loc":{"start":{"line":50,"column":17},"end":{"line":52,"column":5}},"line":50},"5":{"name":"(anonymous_5)","decl":{"start":{"line":60,"column":4},"end":{"line":60,"column":5}},"loc":{"start":{"line":60,"column":17},"end":{"line":62,"column":5}},"line":60},"6":{"name":"(anonymous_6)","decl":{"start":{"line":64,"column":4},"end":{"line":64,"column":5}},"loc":{"start":{"line":64,"column":29},"end":{"line":72,"column":5}},"line":64},"7":{"name":"(anonymous_7)","decl":{"start":{"line":66,"column":23},"end":{"line":66,"column":24}},"loc":{"start":{"line":66,"column":37},"end":{"line":70,"column":5}},"line":66}},"branchMap":{"0":{"loc":{"start":{"line":67,"column":8},"end":{"line":69,"column":9}},"type":"if","locations":[{"start":{"line":67,"column":8},"end":{"line":69,"column":9}},{"start":{"line":67,"column":8},"end":{"line":69,"column":9}}],"line":67}},"s":{"0":1,"1":1,"2":1,"3":1,"4":1,"5":1,"6":1,"7":1,"8":0,"9":0,"10":0,"11":0,"12":0,"13":1},"f":{"0":1,"1":1,"2":1,"3":1,"4":1,"5":1,"6":0,"7":0},"b":{"0":[0,0]},"_coverageSchema":"43e27e138ebf9cfc5966b082cf9a028302ed4184","hash":"49c7bd25ab53a00e9c811e4a3c7cb7c6d2d77d4d"}
,"C:\\Users\\Marti\\OneDrive\\Desktop\\hypergraphs-plot\\src\\classes\\functions.js": {"path":"C:\\Users\\Marti\\OneDrive\\Desktop\\hypergraphs-plot\\src\\classes\\functions.js","statementMap":{"0":{"start":{"line":2,"column":17},"end":{"line":2,"column":40}},"1":{"start":{"line":11,"column":4},"end":{"line":11,"column":33}},"2":{"start":{"line":21,"column":4},"end":{"line":21,"column":33}},"3":{"start":{"line":31,"column":4},"end":{"line":31,"column":38}},"4":{"start":{"line":41,"column":4},"end":{"line":41,"column":36}},"5":{"start":{"line":51,"column":4},"end":{"line":51,"column":36}},"6":{"start":{"line":62,"column":4},"end":{"line":62,"column":48}},"7":{"start":{"line":73,"column":4},"end":{"line":77,"column":6}},"8":{"start":{"line":74,"column":8},"end":{"line":76,"column":9}},"9":{"start":{"line":75,"column":12},"end":{"line":75,"column":41}},"10":{"start":{"line":88,"column":15},"end":{"line":88,"column":24}},"11":{"start":{"line":89,"column":4},"end":{"line":93,"column":6}},"12":{"start":{"line":90,"column":8},"end":{"line":92,"column":9}},"13":{"start":{"line":91,"column":12},"end":{"line":91,"column":42}},"14":{"start":{"line":94,"column":4},"end":{"line":94,"column":16}},"15":{"start":{"line":97,"column":0},"end":{"line":97,"column":127}}},"fnMap":{"0":{"name":"getNodes","decl":{"start":{"line":10,"column":9},"end":{"line":10,"column":17}},"loc":{"start":{"line":10,"column":29},"end":{"line":12,"column":1}},"line":10},"1":{"name":"getLinks","decl":{"start":{"line":20,"column":9},"end":{"line":20,"column":17}},"loc":{"start":{"line":20,"column":29},"end":{"line":22,"column":1}},"line":20},"2":{"name":"getNodesLinks","decl":{"start":{"line":30,"column":9},"end":{"line":30,"column":22}},"loc":{"start":{"line":30,"column":34},"end":{"line":32,"column":1}},"line":30},"3":{"name":"getNumNodes","decl":{"start":{"line":40,"column":9},"end":{"line":40,"column":20}},"loc":{"start":{"line":40,"column":32},"end":{"line":42,"column":1}},"line":40},"4":{"name":"getNumLinks","decl":{"start":{"line":50,"column":9},"end":{"line":50,"column":20}},"loc":{"start":{"line":50,"column":32},"end":{"line":52,"column":1}},"line":50},"5":{"name":"getNodeAttributes","decl":{"start":{"line":61,"column":9},"end":{"line":61,"column":26}},"loc":{"start":{"line":61,"column":45},"end":{"line":63,"column":1}},"line":61},"6":{"name":"setNodeAttributes","decl":{"start":{"line":72,"column":9},"end":{"line":72,"column":26}},"loc":{"start":{"line":72,"column":56},"end":{"line":78,"column":1}},"line":72},"7":{"name":"(anonymous_7)","decl":{"start":{"line":73,"column":29},"end":{"line":73,"column":30}},"loc":{"start":{"line":73,"column":45},"end":{"line":77,"column":5}},"line":73},"8":{"name":"getLinkAttributes","decl":{"start":{"line":87,"column":9},"end":{"line":87,"column":26}},"loc":{"start":{"line":87,"column":45},"end":{"line":95,"column":1}},"line":87},"9":{"name":"(anonymous_9)","decl":{"start":{"line":89,"column":29},"end":{"line":89,"column":30}},"loc":{"start":{"line":89,"column":45},"end":{"line":93,"column":5}},"line":89}},"branchMap":{"0":{"loc":{"start":{"line":74,"column":8},"end":{"line":76,"column":9}},"type":"if","locations":[{"start":{"line":74,"column":8},"end":{"line":76,"column":9}},{"start":{"line":74,"column":8},"end":{"line":76,"column":9}}],"line":74},"1":{"loc":{"start":{"line":90,"column":8},"end":{"line":92,"column":9}},"type":"if","locations":[{"start":{"line":90,"column":8},"end":{"line":92,"column":9}},{"start":{"line":90,"column":8},"end":{"line":92,"column":9}}],"line":90}},"s":{"0":1,"1":1,"2":1,"3":1,"4":1,"5":1,"6":0,"7":0,"8":0,"9":0,"10":0,"11":0,"12":0,"13":0,"14":0,"15":1},"f":{"0":1,"1":1,"2":1,"3":1,"4":1,"5":0,"6":0,"7":0,"8":0,"9":0},"b":{"0":[0,0],"1":[0,0]},"_coverageSchema":"43e27e138ebf9cfc5966b082cf9a028302ed4184","hash":"4b9970ec8fe411ff18287a0c07e8ddf915b59108"}
}
