TN:
SF:C:\Users\vitto\Manigoldoo\hypergraphs-plot\src\classes\Hypergraph.js
FN:10,(anonymous_0)
FN:23,(anonymous_1)
FN:27,(anonymous_2)
FN:40,(anonymous_3)
FN:50,(anonymous_4)
FN:60,(anonymous_5)
FN:70,(anonymous_6)
FN:80,(anonymous_7)
FN:90,(anonymous_8)
FN:92,(anonymous_9)
FN:107,(anonymous_10)
FN:109,(anonymous_11)
FN:117,(anonymous_12)
FN:119,(anonymous_13)
FN:126,(anonymous_14)
FN:130,(anonymous_15)
FN:131,(anonymous_16)
FN:140,(anonymous_17)
FN:141,(anonymous_18)
FN:146,(anonymous_19)
FN:157,(anonymous_20)
FN:160,(anonymous_21)
FN:169,(anonymous_22)
FN:170,(anonymous_23)
FN:177,(anonymous_24)
FN:194,(anonymous_25)
FN:200,(anonymous_26)
FN:201,(anonymous_27)
FN:210,(anonymous_28)
FN:211,(anonymous_29)
FN:219,(anonymous_30)
FN:230,(anonymous_31)
FN:232,(anonymous_32)
FN:238,(anonymous_33)
FN:243,(anonymous_34)
FN:244,(anonymous_35)
FN:250,(anonymous_36)
FN:260,(anonymous_37)
FN:262,(anonymous_38)
FNF:39
FNH:39
FNDA:4,(anonymous_0)
FNDA:2,(anonymous_1)
FNDA:1,(anonymous_2)
FNDA:1,(anonymous_3)
FNDA:1,(anonymous_4)
FNDA:1,(anonymous_5)
FNDA:1,(anonymous_6)
FNDA:1,(anonymous_7)
FNDA:2,(anonymous_8)
FNDA:20,(anonymous_9)
FNDA:2,(anonymous_10)
FNDA:10,(anonymous_11)
FNDA:2,(anonymous_12)
FNDA:20,(anonymous_13)
FNDA:3,(anonymous_14)
FNDA:4,(anonymous_15)
FNDA:20,(anonymous_16)
FNDA:5,(anonymous_17)
FNDA:10,(anonymous_18)
FNDA:2,(anonymous_19)
FNDA:2,(anonymous_20)
FNDA:21,(anonymous_21)
FNDA:10,(anonymous_22)
FNDA:40,(anonymous_23)
FNDA:40,(anonymous_24)
FNDA:3,(anonymous_25)
FNDA:20,(anonymous_26)
FNDA:40,(anonymous_27)
FNDA:2,(anonymous_28)
FNDA:20,(anonymous_29)
FNDA:2,(anonymous_30)
FNDA:2,(anonymous_31)
FNDA:11,(anonymous_32)
FNDA:6,(anonymous_33)
FNDA:10,(anonymous_34)
FNDA:21,(anonymous_35)
FNDA:21,(anonymous_36)
FNDA:1,(anonymous_37)
FNDA:5,(anonymous_38)
DA:11,4
DA:12,4
DA:13,4
DA:14,4
DA:24,2
DA:28,1
DA:41,1
DA:51,1
DA:61,1
DA:71,1
DA:81,1
DA:91,2
DA:92,2
DA:93,20
DA:94,1
DA:98,2
DA:108,2
DA:109,2
DA:110,10
DA:111,1
DA:114,2
DA:118,2
DA:119,2
DA:120,20
DA:121,1
DA:123,2
DA:127,3
DA:128,3
DA:129,2
DA:130,2
DA:131,4
DA:132,20
DA:137,1
DA:139,2
DA:140,1
DA:141,5
DA:142,10
DA:145,1
DA:146,1
DA:147,2
DA:149,1
DA:150,1
DA:153,1
DA:158,2
DA:159,2
DA:160,2
DA:161,21
DA:162,1
DA:168,2
DA:169,2
DA:170,10
DA:171,40
DA:173,10
DA:176,2
DA:177,2
DA:178,40
DA:179,38
DA:182,2
DA:183,1
DA:184,1
DA:185,1
DA:186,1
DA:187,1
DA:190,1
DA:195,3
DA:196,1
DA:198,2
DA:199,2
DA:200,2
DA:201,20
DA:202,40
DA:203,3
DA:207,2
DA:208,1
DA:209,1
DA:210,1
DA:211,2
DA:212,20
DA:213,2
DA:214,2
DA:218,1
DA:219,1
DA:220,2
DA:222,1
DA:225,1
DA:231,2
DA:232,2
DA:233,11
DA:235,2
DA:237,1
DA:238,1
DA:239,6
DA:241,1
DA:243,1
DA:244,10
DA:245,21
DA:247,10
DA:249,1
DA:250,1
DA:251,21
DA:252,19
DA:255,1
DA:256,1
DA:261,1
DA:262,1
DA:263,5
DA:265,1
LF:107
LH:107
BRDA:10,0,0,4
BRDA:24,1,0,2
BRDA:24,1,1,1
BRDA:93,2,0,1
BRDA:93,2,1,19
BRDA:110,3,0,1
BRDA:110,3,1,9
BRDA:120,4,0,1
BRDA:120,4,1,19
BRDA:128,5,0,2
BRDA:128,5,1,1
BRDA:128,6,0,3
BRDA:128,6,1,3
BRDA:128,6,2,3
BRDA:128,6,3,3
BRDA:132,7,0,3
BRDA:132,7,1,17
BRDA:139,8,0,1
BRDA:139,8,1,1
BRDA:142,9,0,2
BRDA:142,9,1,8
BRDA:161,10,0,1
BRDA:161,10,1,20
BRDA:171,11,0,2
BRDA:171,11,1,38
BRDA:173,12,0,2
BRDA:173,12,1,8
BRDA:178,13,0,38
BRDA:178,13,1,2
BRDA:182,14,0,1
BRDA:182,14,1,1
BRDA:195,15,0,1
BRDA:195,15,1,2
BRDA:195,16,0,3
BRDA:195,16,1,2
BRDA:195,16,2,2
BRDA:202,17,0,3
BRDA:202,17,1,37
BRDA:207,18,0,1
BRDA:207,18,1,1
BRDA:212,19,0,2
BRDA:212,19,1,18
BRDA:233,20,0,1
BRDA:233,20,1,10
BRDA:235,21,0,1
BRDA:235,21,1,1
BRDA:239,22,0,5
BRDA:239,22,1,1
BRDA:245,23,0,2
BRDA:245,23,1,19
BRDA:247,24,0,2
BRDA:247,24,1,8
BRDA:251,25,0,19
BRDA:251,25,1,2
BRDA:263,26,0,1
BRDA:263,26,1,4
BRF:56
BRH:56
end_of_record
TN:
SF:C:\Users\vitto\Manigoldoo\hypergraphs-plot\src\classes\functions.js
FN:4,getName
FN:8,setName
FN:20,getNodes
FN:30,getLinks
FN:40,getNodesLinks
FN:50,getNumNodes
FN:60,getNumLinks
FN:71,getNodeAttributes
FN:82,getLinkAttributes
FN:86,hasNode
FN:91,addNode
FN:95,removeNode
FN:99,addEdge
FN:103,removeEdge
FN:107,numberSelfLoop
FNF:15
FNH:15
FNDA:2,getName
FNDA:1,setName
FNDA:1,getNodes
FNDA:1,getLinks
FNDA:1,getNodesLinks
FNDA:1,getNumNodes
FNDA:1,getNumLinks
FNDA:2,getNodeAttributes
FNDA:2,getLinkAttributes
FNDA:2,hasNode
FNDA:3,addNode
FNDA:2,removeNode
FNDA:3,addEdge
FNDA:2,removeEdge
FNDA:1,numberSelfLoop
DA:5,2
DA:9,1
DA:21,1
DA:31,1
DA:41,1
DA:51,1
DA:61,1
DA:72,2
DA:83,2
DA:87,2
DA:92,3
DA:96,2
DA:100,3
DA:104,2
DA:108,1
LF:15
LH:15
BRF:0
BRH:0
end_of_record
TN:
SF:C:\Users\vitto\Manigoldoo\hypergraphs-plot\src\classes\hypergraph-ColorEdge.js
FNF:0
FNH:0
LF:0
LH:0
BRF:0
BRH:0
end_of_record
TN:
SF:C:\Users\vitto\Manigoldoo\hypergraphs-plot\src\classes\index.js
FNF:0
FNH:0
LF:0
LH:0
BRF:0
BRH:0
end_of_record
