TN:
SF:C:\Users\Marti\OneDrive\Desktop\hypergraphs-plot\src\classes\Hypergraph.js
FN:8,(anonymous_0)
FN:20,(anonymous_1)
FN:30,(anonymous_2)
FN:40,(anonymous_3)
FN:50,(anonymous_4)
FN:60,(anonymous_5)
FN:64,(anonymous_6)
FN:66,(anonymous_7)
FNF:8
FNH:6
FNDA:1,(anonymous_0)
FNDA:1,(anonymous_1)
FNDA:1,(anonymous_2)
FNDA:1,(anonymous_3)
FNDA:1,(anonymous_4)
FNDA:1,(anonymous_5)
FNDA:0,(anonymous_6)
FNDA:0,(anonymous_7)
DA:9,1
DA:10,1
DA:11,1
DA:21,1
DA:31,1
DA:41,1
DA:51,1
DA:61,1
DA:65,0
DA:66,0
DA:67,0
DA:68,0
DA:71,0
DA:78,1
LF:14
LH:9
BRDA:67,0,0,0
BRDA:67,0,1,0
BRF:2
BRH:0
end_of_record
TN:
SF:C:\Users\Marti\OneDrive\Desktop\hypergraphs-plot\src\classes\functions.js
FN:10,getNodes
FN:20,getLinks
FN:30,getNodesLinks
FN:40,getNumNodes
FN:50,getNumLinks
FN:61,getNodeAttributes
FN:72,setNodeAttributes
FN:73,(anonymous_7)
FN:87,getLinkAttributes
FN:89,(anonymous_9)
FNF:10
FNH:5
FNDA:1,getNodes
FNDA:1,getLinks
FNDA:1,getNodesLinks
FNDA:1,getNumNodes
FNDA:1,getNumLinks
FNDA:0,getNodeAttributes
FNDA:0,setNodeAttributes
FNDA:0,(anonymous_7)
FNDA:0,getLinkAttributes
FNDA:0,(anonymous_9)
DA:2,1
DA:11,1
DA:21,1
DA:31,1
DA:41,1
DA:51,1
DA:62,0
DA:73,0
DA:74,0
DA:75,0
DA:88,0
DA:89,0
DA:90,0
DA:91,0
DA:94,0
DA:97,1
LF:16
LH:7
BRDA:74,0,0,0
BRDA:74,0,1,0
BRDA:90,1,0,0
BRDA:90,1,1,0
BRF:4
BRH:0
end_of_record
